<?xml version="1.0" encoding="UTF-8"?>
<testng-results ignored="0" total="1" passed="1" failed="0" skipped="0">
  <reporter-output>
  </reporter-output>
  <suite started-at="2024-09-15T13:11:40 CDT" name="Default suite" finished-at="2024-09-15T13:11:41 CDT" duration-ms="1231">
    <groups>
    </groups>
    <test started-at="2024-09-15T13:11:40 CDT" name="Default test" finished-at="2024-09-15T13:11:41 CDT" duration-ms="1231">
      <class name="RestfulJsonPathExamples.JsonPathExamples">
        <test-method signature="jsonPathDemo1()[pri:0, instance:RestfulJsonPathExamples.JsonPathExamples@21282ed8]" started-at="2024-09-15T13:11:40 CDT" name="jsonPathDemo1" finished-at="2024-09-15T13:11:41 CDT" duration-ms="1183" status="PASS">
          <reporter-output>
          </reporter-output>
        </test-method> <!-- jsonPathDemo1 -->
      </class> <!-- RestfulJsonPathExamples.JsonPathExamples -->
    </test> <!-- Default test -->
  </suite> <!-- Default suite -->
</testng-results>
